PainRate/app/build/intermediates/manifest_merge_blame_file/debug/manifest-merger-blame-debug-report.txt
1<?xml version="1.0" encoding="utf-8"?>
2<manifest xmlns:android="http://schemas.android.com/apk/res/android"
3    package="com.example.PainRate"
4    android:versionCode="1"
5    android:versionName="1.0" >
6
7    <uses-sdk
8        android:minSdkVersion="23"
8-->src\main\AndroidManifest.xml
9        android:targetSdkVersion="32" />
9-->src\main\AndroidManifest.xml
10
11    <uses-permission android:name="android.permission.READ_EXTERNAL_STORAGE" />
11-->src\main\AndroidManifest.xml:5:5-80
11-->src\main\AndroidManifest.xml:5:22-77
12    <!-- <uses-permission android:name="android.permission.CAMERA"/> -->
13    <!-- <uses-permission android:name="android.permission.VIBRATE"/> -->
14    <!-- <uses-permission android:name="android.permission.ACCESS_WIFI_STATE"/> -->
15    <!-- <uses-permission android:name="android.permission.READ_PHONE_STATE"/> -->
16    <!-- <uses-permission android:name="android.permission.ACCESS_COARSE_LOCATION"/> -->
17    <uses-permission android:name="android.permission.ACCESS_NETWORK_STATE" />
17-->src\main\AndroidManifest.xml:11:5-79
17-->src\main\AndroidManifest.xml:11:22-76
18    <uses-permission android:name="android.permission.INTERNET" />
18-->src\main\AndroidManifest.xml:12:5-67
18-->src\main\AndroidManifest.xml:12:22-64
19
20    <queries>
20-->src\main\AndroidManifest.xml:14:5-18:15
21        <intent>
21-->src\main\AndroidManifest.xml:15:9-17:18
22            <action android:name="android.media.action.IMAGE_CAPTURE" />
22-->src\main\AndroidManifest.xml:16:13-73
22-->src\main\AndroidManifest.xml:16:21-70
23        </intent>
24    </queries>
25
26    <application
26-->src\main\AndroidManifest.xml:20:5-53:19
27        android:allowBackup="true"
27-->src\main\AndroidManifest.xml:21:9-35
28        android:appComponentFactory="androidx.core.app.CoreComponentFactory"
28-->[androidx.core:core:1.7.0] AndroidManifest.xml:24:18-86
29        android:debuggable="true"
30        android:extractNativeLibs="false"
31        android:icon="@mipmap/ic_launcher"
31-->src\main\AndroidManifest.xml:22:9-43
32        android:label="@string/app_name"
32-->src\main\AndroidManifest.xml:23:9-41
33        android:roundIcon="@mipmap/ic_launcher_round"
33-->src\main\AndroidManifest.xml:24:9-54
34        android:supportsRtl="true"
34-->src\main\AndroidManifest.xml:25:9-35
35        android:testOnly="true"
36        android:theme="@style/Theme.ScanningPage" >
36-->src\main\AndroidManifest.xml:26:9-50
37        <activity
37-->src\main\AndroidManifest.xml:27:9-29:40
38            android:name="com.example.PainRate.Results"
38-->src\main\AndroidManifest.xml:28:13-56
39            android:exported="false" />
39-->src\main\AndroidManifest.xml:29:13-37
40
41        <provider
41-->src\main\AndroidManifest.xml:31:9-39:20
42            android:name="androidx.core.content.FileProvider"
42-->src\main\AndroidManifest.xml:32:13-62
43            android:authorities="com.example.PainRate.fileprovider"
43-->src\main\AndroidManifest.xml:33:13-68
44            android:exported="false"
44-->src\main\AndroidManifest.xml:34:13-37
45            android:grantUriPermissions="true" >
45-->src\main\AndroidManifest.xml:35:13-47
46            <meta-data
46-->src\main\AndroidManifest.xml:36:13-38:56
47                android:name="android.support.FILE_PROVIDER_PATHS"
47-->src\main\AndroidManifest.xml:37:17-67
48                android:resource="@xml/fileprovider" />
48-->src\main\AndroidManifest.xml:38:17-53
49        </provider>
50
51        <activity
51-->src\main\AndroidManifest.xml:41:9-43:40
52            android:name="com.example.PainRate.Scanning"
52-->src\main\AndroidManifest.xml:42:13-57
53            android:exported="false" />
53-->src\main\AndroidManifest.xml:43:13-37
54        <activity
54-->src\main\AndroidManifest.xml:44:9-52:20
55            android:name="com.example.PainRate.MainActivity"
55-->src\main\AndroidManifest.xml:45:13-61
56            android:exported="true" >
56-->src\main\AndroidManifest.xml:46:13-36
57            <intent-filter>
57-->src\main\AndroidManifest.xml:47:13-51:29
58                <action android:name="android.intent.action.MAIN" />
58-->src\main\AndroidManifest.xml:48:17-69
58-->src\main\AndroidManifest.xml:48:25-66
59
60                <category android:name="android.intent.category.LAUNCHER" />
60-->src\main\AndroidManifest.xml:50:17-77
60-->src\main\AndroidManifest.xml:50:27-74
61            </intent-filter>
62        </activity>
63
64        <provider
64-->[androidx.emoji2:emoji2:1.0.0] AndroidManifest.xml:26:9-34:20
65            android:name="androidx.startup.InitializationProvider"
65-->[androidx.emoji2:emoji2:1.0.0] AndroidManifest.xml:27:13-67
66            android:authorities="com.example.PainRate.androidx-startup"
66-->[androidx.emoji2:emoji2:1.0.0] AndroidManifest.xml:28:13-68
67            android:exported="false" >
67-->[androidx.emoji2:emoji2:1.0.0] AndroidManifest.xml:29:13-37
68            <meta-data
68-->[androidx.emoji2:emoji2:1.0.0] AndroidManifest.xml:31:13-33:52
69                android:name="androidx.emoji2.text.EmojiCompatInitializer"
69-->[androidx.emoji2:emoji2:1.0.0] AndroidManifest.xml:32:17-75
70                android:value="androidx.startup" />
70-->[androidx.emoji2:emoji2:1.0.0] AndroidManifest.xml:33:17-49
71            <meta-data
71-->[androidx.lifecycle:lifecycle-process:2.4.0] AndroidManifest.xml:31:13-33:52
72                android:name="androidx.lifecycle.ProcessLifecycleInitializer"
72-->[androidx.lifecycle:lifecycle-process:2.4.0] AndroidManifest.xml:32:17-78
73                android:value="androidx.startup" />
73-->[androidx.lifecycle:lifecycle-process:2.4.0] AndroidManifest.xml:33:17-49
74        </provider>
75    </application>
76
77</manifest>